{"name":"hexo","hostname":"Abiguimes-MacBookPro.local","pid":5581,"level":20,"msg":"Hexo version: \u001b[35m3.2.2\u001b[39m","time":"2017-03-06T22:18:25.929Z","v":0}
{"name":"hexo","hostname":"Abiguimes-MacBookPro.local","pid":5581,"level":20,"msg":"Working directory: \u001b[35m~/blackgerman/\u001b[39m","time":"2017-03-06T22:18:25.933Z","v":0}
{"name":"hexo","hostname":"Abiguimes-MacBookPro.local","pid":5581,"level":20,"msg":"Config loaded: \u001b[35m~/blackgerman/_config.yml\u001b[39m","time":"2017-03-06T22:18:26.024Z","v":0}
{"name":"hexo","hostname":"Abiguimes-MacBookPro.local","pid":5581,"level":20,"msg":"Script loaded: \u001b[35mthemes/hueman/scripts/excerpt.js\u001b[39m","time":"2017-03-06T22:18:26.037Z","v":0}
{"name":"hexo","hostname":"Abiguimes-MacBookPro.local","pid":5581,"level":20,"msg":"Script loaded: \u001b[35mthemes/hueman/scripts/meta.js\u001b[39m","time":"2017-03-06T22:18:26.037Z","v":0}
{"name":"hexo","hostname":"Abiguimes-MacBookPro.local","pid":5581,"level":20,"msg":"Script loaded: \u001b[35mthemes/hueman/scripts/thumbnail.js\u001b[39m","time":"2017-03-06T22:18:26.038Z","v":0}
{"name":"hexo","hostname":"Abiguimes-MacBookPro.local","pid":5581,"level":20,"msg":"Plugin loaded: \u001b[35mhexo-deployer-git\u001b[39m","time":"2017-03-06T22:18:26.040Z","v":0}
{"name":"hexo","hostname":"Abiguimes-MacBookPro.local","pid":5581,"level":20,"msg":"Plugin loaded: \u001b[35mhexo-deployer-openshift\u001b[39m","time":"2017-03-06T22:18:26.041Z","v":0}
{"name":"hexo","hostname":"Abiguimes-MacBookPro.local","pid":5581,"level":20,"msg":"Plugin loaded: \u001b[35mhexo-deployer-heroku\u001b[39m","time":"2017-03-06T22:18:26.042Z","v":0}
{"name":"hexo","hostname":"Abiguimes-MacBookPro.local","pid":5581,"level":20,"msg":"Plugin loaded: \u001b[35mhexo-deployer-rsync\u001b[39m","time":"2017-03-06T22:18:26.043Z","v":0}
{"name":"hexo","hostname":"Abiguimes-MacBookPro.local","pid":5581,"level":20,"msg":"Plugin loaded: \u001b[35mhexo-generator-archive\u001b[39m","time":"2017-03-06T22:18:26.045Z","v":0}
{"name":"hexo","hostname":"Abiguimes-MacBookPro.local","pid":5581,"level":20,"msg":"Plugin loaded: \u001b[35mhexo-generator-category\u001b[39m","time":"2017-03-06T22:18:26.046Z","v":0}
{"name":"hexo","hostname":"Abiguimes-MacBookPro.local","pid":5581,"level":20,"msg":"Plugin loaded: \u001b[35mhexo-generator-index\u001b[39m","time":"2017-03-06T22:18:26.048Z","v":0}
{"name":"hexo","hostname":"Abiguimes-MacBookPro.local","pid":5581,"level":20,"msg":"Plugin loaded: \u001b[35mhexo-generator-tag\u001b[39m","time":"2017-03-06T22:18:26.049Z","v":0}
{"name":"hexo","hostname":"Abiguimes-MacBookPro.local","pid":5581,"level":20,"msg":"Plugin loaded: \u001b[35mhexo-server\u001b[39m","time":"2017-03-06T22:18:26.113Z","v":0}
{"name":"hexo","hostname":"Abiguimes-MacBookPro.local","pid":5581,"level":20,"msg":"Loading database.","time":"2017-03-06T22:18:26.120Z","v":0}
{"name":"hexo","hostname":"Abiguimes-MacBookPro.local","pid":5581,"level":30,"msg":"Start processing","time":"2017-03-06T22:18:26.173Z","v":0}
{"name":"hexo","hostname":"Abiguimes-MacBookPro.local","pid":5581,"level":20,"msg":"Processed: \u001b[35mabout/index.html\u001b[39m","time":"2017-03-06T22:18:26.263Z","v":0}
{"name":"hexo","hostname":"Abiguimes-MacBookPro.local","pid":5581,"level":20,"msg":"Processed: \u001b[35m_posts/Change.md\u001b[39m","time":"2017-03-06T22:18:26.292Z","v":0}
{"name":"hexo","hostname":"Abiguimes-MacBookPro.local","pid":5581,"level":20,"msg":"Processed: \u001b[35m_posts/Github.md\u001b[39m","time":"2017-03-06T22:18:26.292Z","v":0}
{"name":"hexo","hostname":"Abiguimes-MacBookPro.local","pid":5581,"level":20,"msg":"Processed: \u001b[35m_posts/hello-world.md\u001b[39m","time":"2017-03-06T22:18:26.292Z","v":0}
{"name":"hexo","hostname":"Abiguimes-MacBookPro.local","pid":5581,"level":20,"msg":"Processed: \u001b[35mimages/createrepo.png\u001b[39m","time":"2017-03-06T22:18:26.293Z","v":0}
{"name":"hexo","hostname":"Abiguimes-MacBookPro.local","pid":5581,"level":20,"msg":"Processed: \u001b[35mimages/creating repo.png\u001b[39m","time":"2017-03-06T22:18:26.293Z","v":0}
{"name":"hexo","hostname":"Abiguimes-MacBookPro.local","pid":5581,"level":20,"msg":"Processed: \u001b[35mimages/illustrating.png\u001b[39m","time":"2017-03-06T22:18:26.294Z","v":0}
{"name":"hexo","hostname":"Abiguimes-MacBookPro.local","pid":5581,"level":20,"msg":"Processed: \u001b[35mimages/installbash.png\u001b[39m","time":"2017-03-06T22:18:26.294Z","v":0}
{"name":"hexo","hostname":"Abiguimes-MacBookPro.local","pid":5581,"level":20,"msg":"Processed: \u001b[35mimages/installbash2.png\u001b[39m","time":"2017-03-06T22:18:26.294Z","v":0}
{"name":"hexo","hostname":"Abiguimes-MacBookPro.local","pid":5581,"level":20,"msg":"Processed: \u001b[35mimages/firstcreatedrepo.png\u001b[39m","time":"2017-03-06T22:18:26.330Z","v":0}
{"name":"hexo","hostname":"Abiguimes-MacBookPro.local","pid":5581,"level":20,"msg":"Processed: \u001b[35mimages/zen-rock.jpg\u001b[39m","time":"2017-03-06T22:18:26.331Z","v":0}
{"name":"hexo","hostname":"Abiguimes-MacBookPro.local","pid":5581,"level":20,"msg":"Theme config loaded.","time":"2017-03-06T22:18:26.372Z","v":0}
{"name":"hexo","hostname":"Abiguimes-MacBookPro.local","pid":5581,"level":20,"msg":"Processed: \u001b[35m_config.yml\u001b[39m","time":"2017-03-06T22:18:26.375Z","v":0}
{"name":"hexo","hostname":"Abiguimes-MacBookPro.local","pid":5581,"level":20,"msg":"Processed: \u001b[35msource/css/style.styl\u001b[39m","time":"2017-03-06T22:18:26.376Z","v":0}
{"name":"hexo","hostname":"Abiguimes-MacBookPro.local","pid":5581,"level":20,"msg":"Processed: \u001b[35msource/js/insight.js\u001b[39m","time":"2017-03-06T22:18:26.377Z","v":0}
{"name":"hexo","hostname":"Abiguimes-MacBookPro.local","pid":5581,"level":20,"msg":"Processed: \u001b[35msource/js/main.js\u001b[39m","time":"2017-03-06T22:18:26.378Z","v":0}
{"name":"hexo","hostname":"Abiguimes-MacBookPro.local","pid":5581,"level":20,"msg":"Processed: \u001b[35mlayout/archive.ejs\u001b[39m","time":"2017-03-06T22:18:26.416Z","v":0}
{"name":"hexo","hostname":"Abiguimes-MacBookPro.local","pid":5581,"level":20,"msg":"Processed: \u001b[35mlayout/category.ejs\u001b[39m","time":"2017-03-06T22:18:26.416Z","v":0}
{"name":"hexo","hostname":"Abiguimes-MacBookPro.local","pid":5581,"level":20,"msg":"Processed: \u001b[35mlayout/index.ejs\u001b[39m","time":"2017-03-06T22:18:26.416Z","v":0}
{"name":"hexo","hostname":"Abiguimes-MacBookPro.local","pid":5581,"level":20,"msg":"Processed: \u001b[35mlayout/layout.ejs\u001b[39m","time":"2017-03-06T22:18:26.416Z","v":0}
{"name":"hexo","hostname":"Abiguimes-MacBookPro.local","pid":5581,"level":20,"msg":"Processed: \u001b[35mlayout/page.ejs\u001b[39m","time":"2017-03-06T22:18:26.416Z","v":0}
{"name":"hexo","hostname":"Abiguimes-MacBookPro.local","pid":5581,"level":20,"msg":"Processed: \u001b[35mlayout/post.ejs\u001b[39m","time":"2017-03-06T22:18:26.416Z","v":0}
{"name":"hexo","hostname":"Abiguimes-MacBookPro.local","pid":5581,"level":20,"msg":"Processed: \u001b[35mlayout/tag.ejs\u001b[39m","time":"2017-03-06T22:18:26.416Z","v":0}
{"name":"hexo","hostname":"Abiguimes-MacBookPro.local","pid":5581,"level":20,"msg":"Processed: \u001b[35mlanguages/en.yml\u001b[39m","time":"2017-03-06T22:18:26.430Z","v":0}
{"name":"hexo","hostname":"Abiguimes-MacBookPro.local","pid":5581,"level":20,"msg":"Processed: \u001b[35mlanguages/ca.yml\u001b[39m","time":"2017-03-06T22:18:26.430Z","v":0}
{"name":"hexo","hostname":"Abiguimes-MacBookPro.local","pid":5581,"level":20,"msg":"Processed: \u001b[35mlanguages/es.yml\u001b[39m","time":"2017-03-06T22:18:26.430Z","v":0}
{"name":"hexo","hostname":"Abiguimes-MacBookPro.local","pid":5581,"level":20,"msg":"Processed: \u001b[35mlanguages/fr.yml\u001b[39m","time":"2017-03-06T22:18:26.430Z","v":0}
{"name":"hexo","hostname":"Abiguimes-MacBookPro.local","pid":5581,"level":20,"msg":"Processed: \u001b[35mlanguages/hu.yml\u001b[39m","time":"2017-03-06T22:18:26.430Z","v":0}
{"name":"hexo","hostname":"Abiguimes-MacBookPro.local","pid":5581,"level":20,"msg":"Processed: \u001b[35mlanguages/id.yml\u001b[39m","time":"2017-03-06T22:18:26.431Z","v":0}
{"name":"hexo","hostname":"Abiguimes-MacBookPro.local","pid":5581,"level":20,"msg":"Processed: \u001b[35mlanguages/ja.yml\u001b[39m","time":"2017-03-06T22:18:26.431Z","v":0}
{"name":"hexo","hostname":"Abiguimes-MacBookPro.local","pid":5581,"level":20,"msg":"Processed: \u001b[35mlanguages/pt-BR.yml\u001b[39m","time":"2017-03-06T22:18:26.431Z","v":0}
{"name":"hexo","hostname":"Abiguimes-MacBookPro.local","pid":5581,"level":20,"msg":"Processed: \u001b[35mlanguages/ru.yml\u001b[39m","time":"2017-03-06T22:18:26.431Z","v":0}
{"name":"hexo","hostname":"Abiguimes-MacBookPro.local","pid":5581,"level":20,"msg":"Processed: \u001b[35mlanguages/vi.yml\u001b[39m","time":"2017-03-06T22:18:26.431Z","v":0}
{"name":"hexo","hostname":"Abiguimes-MacBookPro.local","pid":5581,"level":20,"msg":"Processed: \u001b[35mlanguages/tr.yml\u001b[39m","time":"2017-03-06T22:18:26.431Z","v":0}
{"name":"hexo","hostname":"Abiguimes-MacBookPro.local","pid":5581,"level":20,"msg":"Processed: \u001b[35mlanguages/zh-CN.yml\u001b[39m","time":"2017-03-06T22:18:26.431Z","v":0}
{"name":"hexo","hostname":"Abiguimes-MacBookPro.local","pid":5581,"level":20,"msg":"Processed: \u001b[35msource/css/images/logo-header.png\u001b[39m","time":"2017-03-06T22:18:26.432Z","v":0}
{"name":"hexo","hostname":"Abiguimes-MacBookPro.local","pid":5581,"level":20,"msg":"Processed: \u001b[35msource/css/images/opacity-10.png\u001b[39m","time":"2017-03-06T22:18:26.434Z","v":0}
{"name":"hexo","hostname":"Abiguimes-MacBookPro.local","pid":5581,"level":20,"msg":"Processed: \u001b[35msource/css/images/s-left.png\u001b[39m","time":"2017-03-06T22:18:26.435Z","v":0}
{"name":"hexo","hostname":"Abiguimes-MacBookPro.local","pid":5581,"level":20,"msg":"Processed: \u001b[35msource/css/images/thumb-default-small.png\u001b[39m","time":"2017-03-06T22:18:26.435Z","v":0}
{"name":"hexo","hostname":"Abiguimes-MacBookPro.local","pid":5581,"level":20,"msg":"Processed: \u001b[35msource/css/images/thumb-default.png\u001b[39m","time":"2017-03-06T22:18:26.436Z","v":0}
{"name":"hexo","hostname":"Abiguimes-MacBookPro.local","pid":5581,"level":20,"msg":"Processed: \u001b[35msource/libs/source-code-pro/styles.css\u001b[39m","time":"2017-03-06T22:18:26.436Z","v":0}
{"name":"hexo","hostname":"Abiguimes-MacBookPro.local","pid":5581,"level":20,"msg":"Processed: \u001b[35msource/libs/titillium-web/styles.css\u001b[39m","time":"2017-03-06T22:18:26.437Z","v":0}
{"name":"hexo","hostname":"Abiguimes-MacBookPro.local","pid":5581,"level":20,"msg":"Processed: \u001b[35mlayout/comment/disqus.ejs\u001b[39m","time":"2017-03-06T22:18:26.456Z","v":0}
{"name":"hexo","hostname":"Abiguimes-MacBookPro.local","pid":5581,"level":20,"msg":"Processed: \u001b[35mlayout/comment/counter.ejs\u001b[39m","time":"2017-03-06T22:18:26.456Z","v":0}
{"name":"hexo","hostname":"Abiguimes-MacBookPro.local","pid":5581,"level":20,"msg":"Processed: \u001b[35mlayout/comment/duoshuo.ejs\u001b[39m","time":"2017-03-06T22:18:26.456Z","v":0}
{"name":"hexo","hostname":"Abiguimes-MacBookPro.local","pid":5581,"level":20,"msg":"Processed: \u001b[35mlayout/comment/index.ejs\u001b[39m","time":"2017-03-06T22:18:26.456Z","v":0}
{"name":"hexo","hostname":"Abiguimes-MacBookPro.local","pid":5581,"level":20,"msg":"Processed: \u001b[35mlayout/comment/youyan.ejs\u001b[39m","time":"2017-03-06T22:18:26.457Z","v":0}
{"name":"hexo","hostname":"Abiguimes-MacBookPro.local","pid":5581,"level":20,"msg":"Processed: \u001b[35mlayout/comment/scripts.ejs\u001b[39m","time":"2017-03-06T22:18:26.457Z","v":0}
{"name":"hexo","hostname":"Abiguimes-MacBookPro.local","pid":5581,"level":20,"msg":"Processed: \u001b[35mlayout/common/archive.ejs\u001b[39m","time":"2017-03-06T22:18:26.457Z","v":0}
{"name":"hexo","hostname":"Abiguimes-MacBookPro.local","pid":5581,"level":20,"msg":"Processed: \u001b[35mlayout/common/article.ejs\u001b[39m","time":"2017-03-06T22:18:26.457Z","v":0}
{"name":"hexo","hostname":"Abiguimes-MacBookPro.local","pid":5581,"level":20,"msg":"Processed: \u001b[35mlayout/common/content-title.ejs\u001b[39m","time":"2017-03-06T22:18:26.457Z","v":0}
{"name":"hexo","hostname":"Abiguimes-MacBookPro.local","pid":5581,"level":20,"msg":"Processed: \u001b[35mlayout/common/footer.ejs\u001b[39m","time":"2017-03-06T22:18:26.457Z","v":0}
{"name":"hexo","hostname":"Abiguimes-MacBookPro.local","pid":5581,"level":20,"msg":"Processed: \u001b[35mlayout/common/head.ejs\u001b[39m","time":"2017-03-06T22:18:26.457Z","v":0}
{"name":"hexo","hostname":"Abiguimes-MacBookPro.local","pid":5581,"level":20,"msg":"Processed: \u001b[35mlayout/common/header.ejs\u001b[39m","time":"2017-03-06T22:18:26.457Z","v":0}
{"name":"hexo","hostname":"Abiguimes-MacBookPro.local","pid":5581,"level":20,"msg":"Processed: \u001b[35mlayout/common/scripts.ejs\u001b[39m","time":"2017-03-06T22:18:26.457Z","v":0}
{"name":"hexo","hostname":"Abiguimes-MacBookPro.local","pid":5581,"level":20,"msg":"Processed: \u001b[35mlayout/common/sidebar.ejs\u001b[39m","time":"2017-03-06T22:18:26.457Z","v":0}
{"name":"hexo","hostname":"Abiguimes-MacBookPro.local","pid":5581,"level":20,"msg":"Processed: \u001b[35mlayout/common/summary.ejs\u001b[39m","time":"2017-03-06T22:18:26.457Z","v":0}
{"name":"hexo","hostname":"Abiguimes-MacBookPro.local","pid":5581,"level":20,"msg":"Processed: \u001b[35mlayout/common/thumbnail.ejs\u001b[39m","time":"2017-03-06T22:18:26.458Z","v":0}
{"name":"hexo","hostname":"Abiguimes-MacBookPro.local","pid":5581,"level":20,"msg":"Processed: \u001b[35mlayout/plugin/baidu-analytics.ejs\u001b[39m","time":"2017-03-06T22:18:26.458Z","v":0}
{"name":"hexo","hostname":"Abiguimes-MacBookPro.local","pid":5581,"level":20,"msg":"Processed: \u001b[35mlayout/plugin/google-analytics.ejs\u001b[39m","time":"2017-03-06T22:18:26.458Z","v":0}
{"name":"hexo","hostname":"Abiguimes-MacBookPro.local","pid":5581,"level":20,"msg":"Processed: \u001b[35mlayout/plugin/scripts.ejs\u001b[39m","time":"2017-03-06T22:18:26.458Z","v":0}
{"name":"hexo","hostname":"Abiguimes-MacBookPro.local","pid":5581,"level":20,"msg":"Processed: \u001b[35mlayout/search/baidu.ejs\u001b[39m","time":"2017-03-06T22:18:26.458Z","v":0}
{"name":"hexo","hostname":"Abiguimes-MacBookPro.local","pid":5581,"level":20,"msg":"Processed: \u001b[35mlayout/search/index.ejs\u001b[39m","time":"2017-03-06T22:18:26.458Z","v":0}
{"name":"hexo","hostname":"Abiguimes-MacBookPro.local","pid":5581,"level":20,"msg":"Processed: \u001b[35mlayout/search/insight.ejs\u001b[39m","time":"2017-03-06T22:18:26.458Z","v":0}
{"name":"hexo","hostname":"Abiguimes-MacBookPro.local","pid":5581,"level":20,"msg":"Processed: \u001b[35mlayout/search/swiftype.ejs\u001b[39m","time":"2017-03-06T22:18:26.458Z","v":0}
{"name":"hexo","hostname":"Abiguimes-MacBookPro.local","pid":5581,"level":20,"msg":"Processed: \u001b[35mlayout/share/addtoany.ejs\u001b[39m","time":"2017-03-06T22:18:26.458Z","v":0}
{"name":"hexo","hostname":"Abiguimes-MacBookPro.local","pid":5581,"level":20,"msg":"Processed: \u001b[35mlayout/share/bdshare.ejs\u001b[39m","time":"2017-03-06T22:18:26.458Z","v":0}
{"name":"hexo","hostname":"Abiguimes-MacBookPro.local","pid":5581,"level":20,"msg":"Processed: \u001b[35mlayout/share/default.ejs\u001b[39m","time":"2017-03-06T22:18:26.458Z","v":0}
{"name":"hexo","hostname":"Abiguimes-MacBookPro.local","pid":5581,"level":20,"msg":"Processed: \u001b[35mlayout/share/index.ejs\u001b[39m","time":"2017-03-06T22:18:26.459Z","v":0}
{"name":"hexo","hostname":"Abiguimes-MacBookPro.local","pid":5581,"level":20,"msg":"Processed: \u001b[35mlayout/share/jiathis.ejs\u001b[39m","time":"2017-03-06T22:18:26.459Z","v":0}
{"name":"hexo","hostname":"Abiguimes-MacBookPro.local","pid":5581,"level":20,"msg":"Processed: \u001b[35mlayout/widget/archive.ejs\u001b[39m","time":"2017-03-06T22:18:26.459Z","v":0}
{"name":"hexo","hostname":"Abiguimes-MacBookPro.local","pid":5581,"level":20,"msg":"Processed: \u001b[35mlayout/widget/category.ejs\u001b[39m","time":"2017-03-06T22:18:26.459Z","v":0}
{"name":"hexo","hostname":"Abiguimes-MacBookPro.local","pid":5581,"level":20,"msg":"Processed: \u001b[35mlayout/widget/links.ejs\u001b[39m","time":"2017-03-06T22:18:26.459Z","v":0}
{"name":"hexo","hostname":"Abiguimes-MacBookPro.local","pid":5581,"level":20,"msg":"Processed: \u001b[35mlayout/widget/recent_posts.ejs\u001b[39m","time":"2017-03-06T22:18:26.459Z","v":0}
{"name":"hexo","hostname":"Abiguimes-MacBookPro.local","pid":5581,"level":20,"msg":"Processed: \u001b[35mlayout/widget/tag.ejs\u001b[39m","time":"2017-03-06T22:18:26.459Z","v":0}
{"name":"hexo","hostname":"Abiguimes-MacBookPro.local","pid":5581,"level":20,"msg":"Processed: \u001b[35msource/libs/font-awesome/css/font-awesome.css\u001b[39m","time":"2017-03-06T22:18:26.471Z","v":0}
{"name":"hexo","hostname":"Abiguimes-MacBookPro.local","pid":5581,"level":20,"msg":"Processed: \u001b[35msource/libs/font-awesome/css/font-awesome.min.css\u001b[39m","time":"2017-03-06T22:18:26.472Z","v":0}
{"name":"hexo","hostname":"Abiguimes-MacBookPro.local","pid":5581,"level":20,"msg":"Processed: \u001b[35msource/libs/lightgallery/css/lg-fb-comment-box.css\u001b[39m","time":"2017-03-06T22:18:26.472Z","v":0}
{"name":"hexo","hostname":"Abiguimes-MacBookPro.local","pid":5581,"level":20,"msg":"Processed: \u001b[35msource/libs/lightgallery/css/lg-fb-comment-box.css.map\u001b[39m","time":"2017-03-06T22:18:26.472Z","v":0}
{"name":"hexo","hostname":"Abiguimes-MacBookPro.local","pid":5581,"level":20,"msg":"Processed: \u001b[35msource/libs/lightgallery/css/lg-fb-comment-box.min.css\u001b[39m","time":"2017-03-06T22:18:26.472Z","v":0}
{"name":"hexo","hostname":"Abiguimes-MacBookPro.local","pid":5581,"level":20,"msg":"Processed: \u001b[35msource/libs/lightgallery/css/lg-transitions.css.map\u001b[39m","time":"2017-03-06T22:18:26.473Z","v":0}
{"name":"hexo","hostname":"Abiguimes-MacBookPro.local","pid":5581,"level":20,"msg":"Processed: \u001b[35msource/libs/lightgallery/css/lg-transitions.css\u001b[39m","time":"2017-03-06T22:18:26.473Z","v":0}
{"name":"hexo","hostname":"Abiguimes-MacBookPro.local","pid":5581,"level":20,"msg":"Processed: \u001b[35msource/libs/lightgallery/css/lightgallery.css\u001b[39m","time":"2017-03-06T22:18:26.473Z","v":0}
{"name":"hexo","hostname":"Abiguimes-MacBookPro.local","pid":5581,"level":20,"msg":"Processed: \u001b[35msource/libs/lightgallery/css/lightgallery.css.map\u001b[39m","time":"2017-03-06T22:18:26.474Z","v":0}
{"name":"hexo","hostname":"Abiguimes-MacBookPro.local","pid":5581,"level":20,"msg":"Processed: \u001b[35msource/libs/lightgallery/fonts/lg.eot\u001b[39m","time":"2017-03-06T22:18:26.475Z","v":0}
{"name":"hexo","hostname":"Abiguimes-MacBookPro.local","pid":5581,"level":20,"msg":"Processed: \u001b[35msource/libs/lightgallery/css/lg-transitions.min.css\u001b[39m","time":"2017-03-06T22:18:26.475Z","v":0}
{"name":"hexo","hostname":"Abiguimes-MacBookPro.local","pid":5581,"level":20,"msg":"Processed: \u001b[35msource/libs/lightgallery/css/lightgallery.min.css\u001b[39m","time":"2017-03-06T22:18:26.475Z","v":0}
{"name":"hexo","hostname":"Abiguimes-MacBookPro.local","pid":5581,"level":20,"msg":"Processed: \u001b[35msource/libs/lightgallery/fonts/lg.svg\u001b[39m","time":"2017-03-06T22:18:26.476Z","v":0}
{"name":"hexo","hostname":"Abiguimes-MacBookPro.local","pid":5581,"level":20,"msg":"Processed: \u001b[35msource/libs/lightgallery/fonts/lg.ttf\u001b[39m","time":"2017-03-06T22:18:26.476Z","v":0}
{"name":"hexo","hostname":"Abiguimes-MacBookPro.local","pid":5581,"level":20,"msg":"Processed: \u001b[35msource/libs/lightgallery/fonts/lg.woff\u001b[39m","time":"2017-03-06T22:18:26.476Z","v":0}
{"name":"hexo","hostname":"Abiguimes-MacBookPro.local","pid":5581,"level":20,"msg":"Processed: \u001b[35msource/libs/lightgallery/img/loading.gif\u001b[39m","time":"2017-03-06T22:18:26.477Z","v":0}
{"name":"hexo","hostname":"Abiguimes-MacBookPro.local","pid":5581,"level":20,"msg":"Processed: \u001b[35msource/libs/lightgallery/img/video-play.png\u001b[39m","time":"2017-03-06T22:18:26.477Z","v":0}
{"name":"hexo","hostname":"Abiguimes-MacBookPro.local","pid":5581,"level":20,"msg":"Processed: \u001b[35msource/libs/lightgallery/img/vimeo-play.png\u001b[39m","time":"2017-03-06T22:18:26.478Z","v":0}
{"name":"hexo","hostname":"Abiguimes-MacBookPro.local","pid":5581,"level":20,"msg":"Processed: \u001b[35msource/libs/lightgallery/img/youtube-play.png\u001b[39m","time":"2017-03-06T22:18:26.478Z","v":0}
{"name":"hexo","hostname":"Abiguimes-MacBookPro.local","pid":5581,"level":20,"msg":"Processed: \u001b[35msource/libs/lightgallery/js/lg-autoplay.min.js\u001b[39m","time":"2017-03-06T22:18:26.478Z","v":0}
{"name":"hexo","hostname":"Abiguimes-MacBookPro.local","pid":5581,"level":20,"msg":"Processed: \u001b[35msource/libs/lightgallery/js/lg-fullscreen.js\u001b[39m","time":"2017-03-06T22:18:26.479Z","v":0}
{"name":"hexo","hostname":"Abiguimes-MacBookPro.local","pid":5581,"level":20,"msg":"Processed: \u001b[35msource/libs/lightgallery/js/lg-fullscreen.min.js\u001b[39m","time":"2017-03-06T22:18:26.479Z","v":0}
{"name":"hexo","hostname":"Abiguimes-MacBookPro.local","pid":5581,"level":20,"msg":"Processed: \u001b[35msource/libs/lightgallery/js/lg-hash.js\u001b[39m","time":"2017-03-06T22:18:26.479Z","v":0}
{"name":"hexo","hostname":"Abiguimes-MacBookPro.local","pid":5581,"level":20,"msg":"Processed: \u001b[35msource/libs/lightgallery/js/lg-hash.min.js\u001b[39m","time":"2017-03-06T22:18:26.480Z","v":0}
{"name":"hexo","hostname":"Abiguimes-MacBookPro.local","pid":5581,"level":20,"msg":"Processed: \u001b[35msource/libs/lightgallery/js/lg-pager.js\u001b[39m","time":"2017-03-06T22:18:26.480Z","v":0}
{"name":"hexo","hostname":"Abiguimes-MacBookPro.local","pid":5581,"level":20,"msg":"Processed: \u001b[35msource/libs/lightgallery/js/lg-pager.min.js\u001b[39m","time":"2017-03-06T22:18:26.480Z","v":0}
{"name":"hexo","hostname":"Abiguimes-MacBookPro.local","pid":5581,"level":20,"msg":"Processed: \u001b[35msource/libs/lightgallery/js/lg-share.js\u001b[39m","time":"2017-03-06T22:18:26.480Z","v":0}
{"name":"hexo","hostname":"Abiguimes-MacBookPro.local","pid":5581,"level":20,"msg":"Processed: \u001b[35msource/libs/lightgallery/js/lg-autoplay.js\u001b[39m","time":"2017-03-06T22:18:26.480Z","v":0}
{"name":"hexo","hostname":"Abiguimes-MacBookPro.local","pid":5581,"level":20,"msg":"Processed: \u001b[35msource/libs/lightgallery/js/lg-share.min.js\u001b[39m","time":"2017-03-06T22:18:26.481Z","v":0}
{"name":"hexo","hostname":"Abiguimes-MacBookPro.local","pid":5581,"level":20,"msg":"Processed: \u001b[35msource/libs/lightgallery/js/lg-thumbnail.js\u001b[39m","time":"2017-03-06T22:18:26.481Z","v":0}
{"name":"hexo","hostname":"Abiguimes-MacBookPro.local","pid":5581,"level":20,"msg":"Processed: \u001b[35msource/libs/lightgallery/js/lg-thumbnail.min.js\u001b[39m","time":"2017-03-06T22:18:26.481Z","v":0}
{"name":"hexo","hostname":"Abiguimes-MacBookPro.local","pid":5581,"level":20,"msg":"Processed: \u001b[35msource/libs/lightgallery/js/lg-video.js\u001b[39m","time":"2017-03-06T22:18:26.482Z","v":0}
{"name":"hexo","hostname":"Abiguimes-MacBookPro.local","pid":5581,"level":20,"msg":"Processed: \u001b[35msource/libs/lightgallery/js/lg-video.min.js\u001b[39m","time":"2017-03-06T22:18:26.482Z","v":0}
{"name":"hexo","hostname":"Abiguimes-MacBookPro.local","pid":5581,"level":20,"msg":"Processed: \u001b[35msource/libs/lightgallery/js/lg-zoom.js\u001b[39m","time":"2017-03-06T22:18:26.482Z","v":0}
{"name":"hexo","hostname":"Abiguimes-MacBookPro.local","pid":5581,"level":20,"msg":"Processed: \u001b[35msource/libs/lightgallery/js/lg-zoom.min.js\u001b[39m","time":"2017-03-06T22:18:26.482Z","v":0}
{"name":"hexo","hostname":"Abiguimes-MacBookPro.local","pid":5581,"level":20,"msg":"Processed: \u001b[35msource/libs/lightgallery/js/lightgallery.min.js\u001b[39m","time":"2017-03-06T22:18:26.483Z","v":0}
{"name":"hexo","hostname":"Abiguimes-MacBookPro.local","pid":5581,"level":20,"msg":"Processed: \u001b[35msource/libs/source-code-pro/fonts/mrl8jkM18OlOQN8JLgasD9V_2ngZ8dMf8fLgjYEouxg.woff2\u001b[39m","time":"2017-03-06T22:18:26.483Z","v":0}
{"name":"hexo","hostname":"Abiguimes-MacBookPro.local","pid":5581,"level":20,"msg":"Processed: \u001b[35msource/libs/source-code-pro/fonts/mrl8jkM18OlOQN8JLgasDy2Q8seG17bfDXYR_jUsrzg.woff2\u001b[39m","time":"2017-03-06T22:18:26.484Z","v":0}
{"name":"hexo","hostname":"Abiguimes-MacBookPro.local","pid":5581,"level":20,"msg":"Processed: \u001b[35msource/libs/lightgallery/js/lightgallery.js\u001b[39m","time":"2017-03-06T22:18:26.484Z","v":0}
{"name":"hexo","hostname":"Abiguimes-MacBookPro.local","pid":5581,"level":20,"msg":"Processed: \u001b[35msource/libs/titillium-web/fonts/7XUFZ5tgS-tD6QamInJTcSo_WB_cotcEMUw1LsIE8mM.woff2\u001b[39m","time":"2017-03-06T22:18:26.484Z","v":0}
{"name":"hexo","hostname":"Abiguimes-MacBookPro.local","pid":5581,"level":20,"msg":"Processed: \u001b[35msource/libs/titillium-web/fonts/7XUFZ5tgS-tD6QamInJTcZSnX671uNZIV63UdXh3Mg0.woff2\u001b[39m","time":"2017-03-06T22:18:26.485Z","v":0}
{"name":"hexo","hostname":"Abiguimes-MacBookPro.local","pid":5581,"level":20,"msg":"Processed: \u001b[35msource/libs/titillium-web/fonts/anMUvcNT0H1YN4FII8wpr4-67659ICLY8bMrYhtePPA.woff2\u001b[39m","time":"2017-03-06T22:18:26.485Z","v":0}
{"name":"hexo","hostname":"Abiguimes-MacBookPro.local","pid":5581,"level":20,"msg":"Processed: \u001b[35msource/libs/titillium-web/fonts/anMUvcNT0H1YN4FII8wpr46gJz9aNFrmnwBdd69aqzY.woff2\u001b[39m","time":"2017-03-06T22:18:26.485Z","v":0}
{"name":"hexo","hostname":"Abiguimes-MacBookPro.local","pid":5581,"level":20,"msg":"Processed: \u001b[35msource/libs/titillium-web/fonts/anMUvcNT0H1YN4FII8wpr9INifKjd1RJ3NxxEi9Cy2w.woff2\u001b[39m","time":"2017-03-06T22:18:26.486Z","v":0}
{"name":"hexo","hostname":"Abiguimes-MacBookPro.local","pid":5581,"level":20,"msg":"Processed: \u001b[35msource/libs/titillium-web/fonts/anMUvcNT0H1YN4FII8wpr_SNRT0fZ5CX-AqRkMYgJJo.woff2\u001b[39m","time":"2017-03-06T22:18:26.486Z","v":0}
{"name":"hexo","hostname":"Abiguimes-MacBookPro.local","pid":5581,"level":20,"msg":"Processed: \u001b[35mlayout/widget/tagcloud.ejs\u001b[39m","time":"2017-03-06T22:18:26.488Z","v":0}
{"name":"hexo","hostname":"Abiguimes-MacBookPro.local","pid":5581,"level":20,"msg":"Processed: \u001b[35msource/libs/font-awesome/fonts/FontAwesome.otf\u001b[39m","time":"2017-03-06T22:18:26.490Z","v":0}
{"name":"hexo","hostname":"Abiguimes-MacBookPro.local","pid":5581,"level":20,"msg":"Processed: \u001b[35msource/libs/font-awesome/fonts/fontawesome-webfont.eot\u001b[39m","time":"2017-03-06T22:18:26.491Z","v":0}
{"name":"hexo","hostname":"Abiguimes-MacBookPro.local","pid":5581,"level":20,"msg":"Processed: \u001b[35msource/libs/font-awesome/fonts/fontawesome-webfont.woff\u001b[39m","time":"2017-03-06T22:18:26.493Z","v":0}
{"name":"hexo","hostname":"Abiguimes-MacBookPro.local","pid":5581,"level":20,"msg":"Processed: \u001b[35msource/libs/font-awesome/fonts/fontawesome-webfont.woff2\u001b[39m","time":"2017-03-06T22:18:26.493Z","v":0}
{"name":"hexo","hostname":"Abiguimes-MacBookPro.local","pid":5581,"level":20,"msg":"Processed: \u001b[35msource/libs/jquery/2.0.3/jquery.min.js\u001b[39m","time":"2017-03-06T22:18:26.493Z","v":0}
{"name":"hexo","hostname":"Abiguimes-MacBookPro.local","pid":5581,"level":20,"msg":"Processed: \u001b[35mlayout/common/post/category.ejs\u001b[39m","time":"2017-03-06T22:18:26.495Z","v":0}
{"name":"hexo","hostname":"Abiguimes-MacBookPro.local","pid":5581,"level":20,"msg":"Processed: \u001b[35mlayout/common/post/date.ejs\u001b[39m","time":"2017-03-06T22:18:26.495Z","v":0}
{"name":"hexo","hostname":"Abiguimes-MacBookPro.local","pid":5581,"level":20,"msg":"Processed: \u001b[35mlayout/common/post/nav.ejs\u001b[39m","time":"2017-03-06T22:18:26.495Z","v":0}
{"name":"hexo","hostname":"Abiguimes-MacBookPro.local","pid":5581,"level":20,"msg":"Processed: \u001b[35mlayout/common/post/gallery.ejs\u001b[39m","time":"2017-03-06T22:18:26.495Z","v":0}
{"name":"hexo","hostname":"Abiguimes-MacBookPro.local","pid":5581,"level":20,"msg":"Processed: \u001b[35mlayout/common/post/tag.ejs\u001b[39m","time":"2017-03-06T22:18:26.495Z","v":0}
{"name":"hexo","hostname":"Abiguimes-MacBookPro.local","pid":5581,"level":20,"msg":"Processed: \u001b[35mlayout/common/post/title.ejs\u001b[39m","time":"2017-03-06T22:18:26.495Z","v":0}
{"name":"hexo","hostname":"Abiguimes-MacBookPro.local","pid":5581,"level":20,"msg":"Processed: \u001b[35msource/libs/font-awesome/fonts/fontawesome-webfont.ttf\u001b[39m","time":"2017-03-06T22:18:26.496Z","v":0}
{"name":"hexo","hostname":"Abiguimes-MacBookPro.local","pid":5581,"level":20,"msg":"Processed: \u001b[35msource/libs/font-awesome/fonts/fontawesome-webfont.svg\u001b[39m","time":"2017-03-06T22:18:26.499Z","v":0}
{"name":"hexo","hostname":"Abiguimes-MacBookPro.local","pid":5581,"level":20,"msg":"Generator: \u001b[35mpage\u001b[39m","time":"2017-03-06T22:18:26.604Z","v":0}
{"name":"hexo","hostname":"Abiguimes-MacBookPro.local","pid":5581,"level":20,"msg":"Generator: \u001b[35mpost\u001b[39m","time":"2017-03-06T22:18:26.604Z","v":0}
{"name":"hexo","hostname":"Abiguimes-MacBookPro.local","pid":5581,"level":20,"msg":"Generator: \u001b[35marchive\u001b[39m","time":"2017-03-06T22:18:26.604Z","v":0}
{"name":"hexo","hostname":"Abiguimes-MacBookPro.local","pid":5581,"level":20,"msg":"Generator: \u001b[35mcategory\u001b[39m","time":"2017-03-06T22:18:26.604Z","v":0}
{"name":"hexo","hostname":"Abiguimes-MacBookPro.local","pid":5581,"level":20,"msg":"Generator: \u001b[35mindex\u001b[39m","time":"2017-03-06T22:18:26.604Z","v":0}
{"name":"hexo","hostname":"Abiguimes-MacBookPro.local","pid":5581,"level":20,"msg":"Generator: \u001b[35mtag\u001b[39m","time":"2017-03-06T22:18:26.605Z","v":0}
{"name":"hexo","hostname":"Abiguimes-MacBookPro.local","pid":5581,"level":20,"msg":"Generator: \u001b[35masset\u001b[39m","time":"2017-03-06T22:18:26.606Z","v":0}
{"name":"hexo","hostname":"Abiguimes-MacBookPro.local","pid":5581,"level":30,"msg":"Hexo is running at \u001b[4mhttp://localhost:4000/\u001b[24m. Press Ctrl+C to stop.","time":"2017-03-06T22:18:26.614Z","v":0}
{"name":"hexo","hostname":"Abiguimes-MacBookPro.local","pid":5581,"level":20,"msg":"Database saved","time":"2017-03-06T22:18:26.623Z","v":0}
{"name":"hexo","hostname":"Abiguimes-MacBookPro.local","pid":5581,"level":30,"msg":"Have a nice day","time":"2017-03-06T22:18:59.017Z","v":0}
{"name":"hexo","hostname":"Abiguimes-MacBookPro.local","pid":5581,"level":20,"msg":"Database saved","time":"2017-03-06T22:18:59.058Z","v":0}
